<?xml version="1.0" encoding="UTF-8"?>
<!-- Generated by org.testng.reporters.JUnitReportReporter -->
<testsuite hostname="D-MANKAN" failures="0" tests="1" name="createContact.contactTest" time="0.011" errors="0" timestamp="2022-01-25T16:16:37 IST" skipped="0">
  <testcase classname="createContact.contactTest" name="createContact" time="0.011"/>
  <system-out/>
</testsuite> <!-- createContact.contactTest -->
