<?xml version="1.0" encoding="UTF-8"?>
<!-- Generated by org.testng.reporters.JUnitReportReporter -->
<testsuite hostname="D-MANKAN" failures="0" tests="1" name="scripts.Tc1" time="16.451" errors="0" timestamp="2022-01-25T15:13:57 IST" skipped="0">
  <testcase classname="scripts.Tc1" name="tc1" time="16.451"/>
  <system-out/>
</testsuite> <!-- scripts.Tc1 -->
