<?xml version="1.0" encoding="UTF-8"?>
<!-- Generated by org.testng.reporters.JUnitReportReporter -->
<testsuite hostname="D-MANKAN" failures="0" tests="1" name="scripts.Tc3" time="29.872" errors="0" timestamp="2022-01-25T15:12:48 IST" skipped="0">
  <testcase classname="scripts.Tc3" name="tc3" time="29.872"/>
  <system-out/>
</testsuite> <!-- scripts.Tc3 -->
